<?xml version="1.0" encoding="utf-8"?><testsuites name="pytest tests"><testsuite name="pytest" errors="0" failures="0" skipped="0" tests="10" time="5.391" timestamp="2026-08-17T16:51:50.491599+00:00" hostname="agent-env-15deeb06-bd20-4a08-9f48-44ff82735a67"><testcase classname="tests.test_iteration9_email_cron.TestEmailConfirmations" name="test_consultation_send_email" time="1.866" /><testcase classname="tests.test_iteration9_email_cron.TestCronEventReminder" name="test_cron_no_auth_401" time="0.265" /><testcase classname="tests.test_iteration9_email_cron.TestCronEventReminder" name="test_cron_wrong_auth_401" time="0.157" /><testcase classname="tests.test_iteration9_email_cron.TestCronEventReminder" name="test_cron_accepted_and_duplicate" time="0.360" /><testcase classname="tests.test_iteration9_email_cron.TestCronEventReminder" name="test_cron_no_event_today" time="1.732" /><testcase classname="tests.test_iteration9_email_cron.TestEmailConfirmations" name="test_contact_send_email" time="1.295" /><testcase classname="tests.test_iteration9_email_cron.TestUploads" name="test_uploads_image_requires_auth" time="0.128" /><testcase classname="tests.test_iteration9_email_cron.TestUploads" name="test_uploads_image_staff_ok" time="0.520" /><testcase classname="tests.test_iteration9_email_cron.TestEmailConfirmations" name="test_rsvp_send_email" time="1.466" /><testcase classname="tests.test_iteration9_email_cron" name="test_zzz_cleanup" time="0.437" /></testsuite></testsuites>