<?xml version="1.0" encoding="utf-8"?><testsuites name="pytest tests"><testsuite name="pytest" errors="0" failures="0" skipped="0" tests="23" time="4.002" timestamp="2026-08-17T11:57:20.325356+00:00" hostname="agent-env-15deeb06-bd20-4a08-9f48-44ff82735a67"><testcase classname="tests.test_iteration7_rsvp_uploads.TestPatchDelete" name="test_patch_requires_auth" time="0.662" /><testcase classname="tests.test_iteration7_rsvp_uploads.TestListRsvps" name="test_list_anonymous_401" time="0.642" /><testcase classname="tests.test_iteration7_rsvp_uploads.TestListRsvps" name="test_list_client_403" time="0.498" /><testcase classname="tests.test_iteration7_rsvp_uploads.TestListRsvps" name="test_list_staff_ok" time="0.051" /><testcase classname="tests.test_iteration7_rsvp_uploads.TestPatchDelete" name="test_patch_client_forbidden" time="0.601" /><testcase classname="tests.test_iteration7_rsvp_uploads.TestListRsvps" name="test_summary_anonymous_401" time="0.049" /><testcase classname="tests.test_iteration7_rsvp_uploads.TestListRsvps" name="test_summary_client_403" time="0.049" /><testcase classname="tests.test_iteration7_rsvp_uploads.TestPatchDelete" name="test_patch_valid_statuses" time="0.242" /><testcase classname="tests.test_iteration7_rsvp_uploads.TestListRsvps" name="test_summary_staff_shape" time="0.129" /><testcase classname="tests.test_iteration7_rsvp_uploads.TestCreateRsvp" name="test_create_valid" time="0.050" /><testcase classname="tests.test_iteration7_rsvp_uploads.TestCreateRsvp" name="test_invalid_email_422" time="0.049" /><testcase classname="tests.test_iteration7_rsvp_uploads.TestPatchDelete" name="test_patch_invalid_status_422" time="0.119" /><testcase classname="tests.test_iteration7_rsvp_uploads.TestCreateRsvp" name="test_guests_over_limit_422" time="0.053" /><testcase classname="tests.test_iteration7_rsvp_uploads.TestCreateRsvp" name="test_guests_zero_422" time="0.047" /><testcase classname="tests.test_iteration7_rsvp_uploads.TestCreateRsvp" name="test_duplicate_updates_existing" time="0.148" /><testcase classname="tests.test_iteration7_rsvp_uploads.TestPatchDelete" name="test_patch_unknown_id_404" time="0.059" /><testcase classname="tests.test_iteration7_rsvp_uploads.TestPatchDelete" name="test_delete_unknown_id_404" time="0.060" /><testcase classname="tests.test_iteration7_rsvp_uploads.TestPatchDelete" name="test_delete_removes" time="0.414" /><testcase classname="tests.test_iteration7_rsvp_uploads.TestVideoUpload" name="test_requires_auth" time="0.048" /><testcase classname="tests.test_iteration7_rsvp_uploads.TestVideoUpload" name="test_client_forbidden" time="0.048" /><testcase classname="tests.test_iteration7_rsvp_uploads.TestVideoUpload" name="test_bad_content_type_415" time="0.051" /><testcase classname="tests.test_iteration7_rsvp_uploads.TestVideoUpload" name="test_too_large_413" time="1.170" /><testcase classname="tests.test_iteration7_rsvp_uploads.TestVideoUpload" name="test_upload_and_fetch" time="0.400" /></testsuite></testsuites>