<?xml version="1.0" encoding="utf-8"?><testsuites name="pytest tests"><testsuite name="pytest" errors="0" failures="3" skipped="0" tests="70" time="17.388" timestamp="2026-08-17T10:15:33.778619+00:00" hostname="agent-env-15deeb06-bd20-4a08-9f48-44ff82735a67"><testcase classname="tests.test_iteration8_smtp" name="test_health" time="0.406" /><testcase classname="tests.test_iteration3.TestScheduleConfig" name="test_get_default_schedule" time="0.406" /><testcase classname="tests.test_iteration8_smtp" name="test_env_smtp_keys_present" time="0.001"><failure message="AssertionError: assert None == 'smtp.gmail.com'&#10; +  where None = &lt;built-in method get of dict object at 0xfe14173348c0&gt;('SMTP_HOST')&#10; +    where &lt;built-in method get of dict object at 0xfe14173348c0&gt; = {'MONGO_URL': 'mongodb://localhost:27017', 'DB_NAME': 'test_database', 'CORS_ORIGINS': '*', 'JWT_SECRET': 'LZ9Gl4SHXeV9K0im5m3Q35VdzCuZXqjiSY7vr062RwCaRqt8iSUUpFTGIJECkIE3', ...}.get">E   AssertionError: assert None == 'smtp.gmail.com'
     +  where None = &lt;built-in method get of dict object at 0xfe14173348c0&gt;('SMTP_HOST')
     +    where &lt;built-in method get of dict object at 0xfe14173348c0&gt; = {'MONGO_URL': 'mongodb://localhost:27017', 'DB_NAME': 'test_database', 'CORS_ORIGINS': '*', 'JWT_SECRET': 'LZ9Gl4SHXeV9K0im5m3Q35VdzCuZXqjiSY7vr062RwCaRqt8iSUUpFTGIJECkIE3', ...}.get</failure></testcase><testcase classname="tests.test_iteration3.TestScheduleConfig" name="test_put_requires_staff" time="0.142" /><testcase classname="tests.test_iteration8_smtp" name="test_consultation_created" time="0.123" /><testcase classname="tests.test_iteration8_smtp" name="test_smtp_log_lines_present" time="8.001"><failure message="AssertionError: Missing 'SMTP email sent to Info@myoverallbeauty.com' in backend log&#10;assert None">E   AssertionError: Missing 'SMTP email sent to Info@myoverallbeauty.com' in backend log
    assert None</failure></testcase><testcase classname="tests.test_iteration3.TestScheduleConfig" name="test_put_forbidden_for_client" time="0.513" /><testcase classname="tests.test_iteration3.TestScheduleConfig" name="test_put_malformed_returns_422" time="0.561" /><testcase classname="tests.test_iteration3.TestScheduleConfig" name="test_put_updates_and_get_returns_new" time="0.171" /><testcase classname="tests.test_iteration3.TestScheduleConfig" name="test_reset_to_defaults" time="0.115" /><testcase classname="tests.test_iteration5.TestCalendarBundleHelpers" name="test_bundle_present_and_keys" time="0.003" /><testcase classname="tests.test_iteration5.TestCalendarBundleHelpers" name="test_google_link_shape" time="0.001" /><testcase classname="tests.test_iteration5.TestCalendarBundleHelpers" name="test_outlook_link_shape" time="0.000" /><testcase classname="tests.test_iteration5.TestCalendarBundleHelpers" name="test_ics_data_url_and_vcalendar_contents" time="0.001" /><testcase classname="tests.test_iteration5.TestCalendarBundleHelpers" name="test_bundle_none_when_no_date_or_time" time="0.001" /><testcase classname="tests.test_iteration5.TestCalendarBundleHelpers" name="test_parse_slot_supports_both_formats" time="0.004" /><testcase classname="tests.backend_test.TestConsultations" name="test_create_consultation_valid" time="0.141" /><testcase classname="tests.backend_test.TestConsultations" name="test_missing_email_returns_422" time="0.132" /><testcase classname="tests.backend_test.TestConsultations" name="test_invalid_email_returns_422" time="0.108" /><testcase classname="tests.backend_test.TestConsultations" name="test_missing_first_name_returns_422" time="0.114" /><testcase classname="tests.backend_test.TestConsultations" name="test_persistence_and_newest_first" time="0.499" /><testcase classname="tests.test_iteration3.TestContent" name="test_get_content_default_or_dict" time="0.129" /><testcase classname="tests.test_iteration3.TestContent" name="test_put_requires_staff" time="0.449" /><testcase classname="tests.test_iteration3.TestContent" name="test_put_no_auth_returns_401" time="0.109" /><testcase classname="tests.test_iteration3.TestContent" name="test_put_persists_overrides" time="0.499" /><testcase classname="tests.test_iteration3.TestContent" name="test_reset_content" time="0.123" /><testcase classname="tests.test_uploads.TestUploads" name="test_upload_requires_auth" time="0.103" /><testcase classname="tests.test_uploads.TestUploads" name="test_upload_png_success" time="0.581" /><testcase classname="tests.test_uploads.TestUploads" name="test_upload_wrong_content_type" time="0.111" /><testcase classname="tests.test_uploads.TestUploads" name="test_path_traversal_blocked" time="0.358" /><testcase classname="tests.test_uploads.TestUploads" name="test_get_nonexistent_upload" time="0.126" /><testcase classname="tests.test_auth_and_roles.TestStatusPatch" name="test_status_patch_staff_only" time="1.005" /><testcase classname="tests.test_auth_and_roles.TestStatusPatch" name="test_status_patch_invalid_value_422" time="0.143" /><testcase classname="tests.test_auth_and_roles.TestStatusPatch" name="test_status_patch_unknown_id_404" time="0.076" /><testcase classname="tests.test_auth_and_roles.TestStatusPatch" name="test_all_valid_statuses_accepted" time="0.433" /><testcase classname="tests.test_iteration3.TestAvailability" name="test_weekday_returns_slots" time="0.113" /><testcase classname="tests.test_iteration3.TestAvailability" name="test_sunday_returns_day_off" time="0.120" /><testcase classname="tests.test_iteration3.TestAvailability" name="test_past_date_out_of_range" time="0.128" /><testcase classname="tests.test_iteration3.TestAvailability" name="test_blackout_reason" time="0.628" /><testcase classname="tests.backend_test.TestContact" name="test_contact_valid" time="0.104" /><testcase classname="tests.backend_test.TestContact" name="test_contact_missing_fields_422" time="0.113" /><testcase classname="tests.backend_test.TestContact" name="test_contact_invalid_email_422" time="0.139" /><testcase classname="tests.test_iteration8_smtp" name="test_duplicate_slot_returns_409_no_smtp" time="3.108" /><testcase classname="tests.test_auth_and_roles.TestRegister" name="test_register_creates_client" time="0.388" /><testcase classname="tests.test_auth_and_roles.TestRegister" name="test_register_duplicate_email_400" time="0.337" /><testcase classname="tests.test_auth_and_roles.TestRegister" name="test_register_short_password_422" time="0.062" /><testcase classname="tests.test_auth_and_roles.TestMe" name="test_me_no_token_401" time="0.054" /><testcase classname="tests.test_auth_and_roles.TestMe" name="test_me_invalid_token_401" time="0.059" /><testcase classname="tests.test_auth_and_roles.TestMe" name="test_me_with_staff_token" time="0.332" /><testcase classname="tests.test_auth_and_roles.TestConsultationsRoleGating" name="test_list_consultations_client_403" time="0.332" /><testcase classname="tests.test_auth_and_roles.TestConsultationsRoleGating" name="test_list_consultations_no_auth_401" time="0.052" /><testcase classname="tests.test_auth_and_roles.TestConsultationsRoleGating" name="test_list_consultations_staff_200" time="0.055" /><testcase classname="tests.test_auth_and_roles.TestClientBookingAndMine" name="test_client_booking_stamps_user_id_and_appears_in_mine" time="0.109" /><testcase classname="tests.test_auth_and_roles.TestClientBookingAndMine" name="test_mine_matches_email_even_without_user_id" time="0.111" /><testcase classname="tests.test_auth_and_roles.TestClientBookingAndMine" name="test_mine_no_auth_401" time="0.054" /><testcase classname="tests.test_iteration5.TestClientConfirmationHtml" name="test_html_contains_calendar_block_and_three_hrefs" time="0.001" /><testcase classname="tests.test_iteration5.TestClientConfirmationHtml" name="test_html_omits_calendar_block_when_date_missing" time="0.000" /><testcase classname="tests.test_iteration5.TestClientConfirmationHtml" name="test_html_omits_calendar_block_when_time_missing" time="0.000" /><testcase classname="tests.test_iteration5.TestConsultationPostRegression" name="test_post_returns_200_and_shape" time="4.220"><failure message="AssertionError: expected &gt;=3 email attempts, got 0&#10;  ---LOG---&#10;  RNING - EMERGENT_EMAIL_KEY not configured&#10;  2026-08-17 10:15:41,862 - root - WARNING - EMERGENT_EMAIL_KEY not configured&#10;  2026-08-17 10:15:41,862 - root - WARNING - EMERGENT_EMAIL_KEY not configured&#10;  2026-08-17 10:15:42,084 - root - WARNING - EMERGENT_EMAIL_KEY not configured&#10;  2026-08-17 10:15:42,084 - root - WARNING - EMERGENT_EMAIL_KEY not configured&#10;  2026-08-17 10:15:43,553 - root - WARNING - EMERGENT_EMAIL_KEY not configured&#10;  2026-08-17 10:15:45,539 - root - WARNING - EMERGENT_EMAIL_KEY not configured&#10;  2026-08-17 10:15:45,539 - root - WARNING - EMERGENT_EMAIL_KEY not configured&#10;  2026-08-17 10:15:45,649 - root - WARNING - EMERGENT_EMAIL_KEY not configured&#10;  2026-08-17 10:15:45,650 - root - WARNING - EMERGENT_EMAIL_KEY not configured&#10;  2026-08-17 10:15:45,969 - root - WARNING - EMERGENT_EMAIL_KEY not configured&#10;  2026-08-17 10:15:45,970 - root - WARNING - EMERGENT_EMAIL_KEY not configured&#10;  2026-08-17 10:15:48,533 - root - WARNING - EMERGENT_EMAIL_KEY not configured&#10;  2026-08-17 10:15:48,533 - root - WARNING - EMERGENT_EMAIL_KEY not configured&#10;  2026-08-17 10:15:48,713 - root - WARNING - EMERGENT_EMAIL_KEY not configured&#10;  2026-08-17 10:15:48,714 - root - WARNING - EMERGENT_EMAIL_KEY not configured&#10;  &#10;assert 0 &gt;= 3">E   AssertionError: expected &gt;=3 email attempts, got 0
      ---LOG---
      RNING - EMERGENT_EMAIL_KEY not configured
      2026-08-17 10:15:41,862 - root - WARNING - EMERGENT_EMAIL_KEY not configured
      2026-08-17 10:15:41,862 - root - WARNING - EMERGENT_EMAIL_KEY not configured
      2026-08-17 10:15:42,084 - root - WARNING - EMERGENT_EMAIL_KEY not configured
      2026-08-17 10:15:42,084 - root - WARNING - EMERGENT_EMAIL_KEY not configured
      2026-08-17 10:15:43,553 - root - WARNING - EMERGENT_EMAIL_KEY not configured
      2026-08-17 10:15:45,539 - root - WARNING - EMERGENT_EMAIL_KEY not configured
      2026-08-17 10:15:45,539 - root - WARNING - EMERGENT_EMAIL_KEY not configured
      2026-08-17 10:15:45,649 - root - WARNING - EMERGENT_EMAIL_KEY not configured
      2026-08-17 10:15:45,650 - root - WARNING - EMERGENT_EMAIL_KEY not configured
      2026-08-17 10:15:45,969 - root - WARNING - EMERGENT_EMAIL_KEY not configured
      2026-08-17 10:15:45,970 - root - WARNING - EMERGENT_EMAIL_KEY not configured
      2026-08-17 10:15:48,533 - root - WARNING - EMERGENT_EMAIL_KEY not configured
      2026-08-17 10:15:48,533 - root - WARNING - EMERGENT_EMAIL_KEY not configured
      2026-08-17 10:15:48,713 - root - WARNING - EMERGENT_EMAIL_KEY not configured
      2026-08-17 10:15:48,714 - root - WARNING - EMERGENT_EMAIL_KEY not configured
      
    assert 0 &gt;= 3</failure></testcase><testcase classname="tests.test_iteration8_smtp" name="test_staff_list_contains_new_consultation" time="0.477" /><testcase classname="tests.test_iteration8_smtp" name="test_favicon_png_512_rgba" time="0.161" /><testcase classname="tests.test_iteration8_smtp" name="test_apple_touch_icon_png_180_rgba" time="0.141" /><testcase classname="tests.test_iteration8_smtp" name="test_cleanup_test_consultations" time="0.004" /><testcase classname="tests.test_auth_and_roles.TestStaffSeed" name="test_staff_login_success" time="0.329" /><testcase classname="tests.test_auth_and_roles.TestStaffSeed" name="test_staff_wrong_password_401" time="0.276" /><testcase classname="tests.backend_test.TestHealth" name="test_root_status_ok" time="0.120" /><testcase classname="tests.test_auth_and_roles.TestAnonymousBooking" name="test_anon_create_consultation" time="0.117" /><testcase classname="tests.test_iteration3.TestSlotConflict" name="test_double_booking_returns_409" time="0.244" /><testcase classname="tests.test_iteration5.TestConsultationPostRegression" name="test_slot_conflict_409" time="0.211" /><testcase classname="tests.test_iteration5.TestConsultationPostRegression" name="test_html_pipeline_uses_calendar_block" time="0.366" /></testsuite></testsuites>